[2012-08-24 18:31:47] request.INFO: Matched route "Estadisticas" (parameters: "_controller": "BNJM\SquidTrazasBundle\Controller\EstadisticasController::indexAction", "_route": "Estadisticas") [] []
[2012-08-24 18:31:47] security.INFO: Basic Authentication Authorization header found for user "lucila" [] []
[2012-08-24 18:31:47] security.DEBUG: Access is denied (and user is neither anonymous, nor remember-me) by "/var/www/SquidTrazas/vendor/symfony/symfony/src/Symfony/Component/Security/Http/Firewall/AccessListener.php" at line 70 [] []
[2012-08-24 18:31:47] request.ERROR: Symfony\Component\HttpKernel\Exception\AccessDeniedHttpException: Access Denied (uncaught exception) at /var/www/SquidTrazas/vendor/symfony/symfony/src/Symfony/Component/Security/Http/Firewall/ExceptionListener.php line 100 [] []
[2012-08-24 18:31:47] security.DEBUG: Write SecurityContext in the session [] []
[2012-08-24 18:31:51] request.INFO: Matched route "Estadisticas" (parameters: "_controller": "BNJM\SquidTrazasBundle\Controller\EstadisticasController::indexAction", "_route": "Estadisticas") [] []
[2012-08-24 18:31:51] security.DEBUG: Read SecurityContext from the session [] []
[2012-08-24 18:31:51] security.DEBUG: Reloading user from user provider. [] []
[2012-08-24 18:31:51] security.DEBUG: Username "lucila" was reloaded from user provider. [] []
[2012-08-24 18:31:51] security.DEBUG: Access is denied (and user is neither anonymous, nor remember-me) by "/var/www/SquidTrazas/vendor/symfony/symfony/src/Symfony/Component/Security/Http/Firewall/AccessListener.php" at line 70 [] []
[2012-08-24 18:31:51] request.ERROR: Symfony\Component\HttpKernel\Exception\AccessDeniedHttpException: Access Denied (uncaught exception) at /var/www/SquidTrazas/vendor/symfony/symfony/src/Symfony/Component/Security/Http/Firewall/ExceptionListener.php line 100 [] []
[2012-08-24 18:31:51] security.DEBUG: Write SecurityContext in the session [] []
[2012-08-24 18:32:27] request.INFO: Matched route "Estadisticas" (parameters: "_controller": "BNJM\SquidTrazasBundle\Controller\EstadisticasController::indexAction", "_route": "Estadisticas") [] []
[2012-08-24 18:32:27] security.DEBUG: Read SecurityContext from the session [] []
[2012-08-24 18:32:27] security.DEBUG: Reloading user from user provider. [] []
[2012-08-24 18:32:27] security.DEBUG: Username "lucila" was reloaded from user provider. [] []
[2012-08-24 18:32:27] security.DEBUG: Access is denied (and user is neither anonymous, nor remember-me) by "/var/www/SquidTrazas/vendor/symfony/symfony/src/Symfony/Component/Security/Http/Firewall/AccessListener.php" at line 70 [] []
[2012-08-24 18:32:27] request.ERROR: Symfony\Component\HttpKernel\Exception\AccessDeniedHttpException: Access Denied (uncaught exception) at /var/www/SquidTrazas/vendor/symfony/symfony/src/Symfony/Component/Security/Http/Firewall/ExceptionListener.php line 100 [] []
[2012-08-24 18:32:27] security.DEBUG: Write SecurityContext in the session [] []
[2012-08-24 18:32:33] request.ERROR: Symfony\Component\HttpKernel\Exception\NotFoundHttpException: No route found for "GET /e/top" (uncaught exception) at /var/www/SquidTrazas/app/cache/prod/classes.php line 5158 [] []
[2012-08-24 18:33:13] request.INFO: Matched route "Estadisticas" (parameters: "_controller": "BNJM\SquidTrazasBundle\Controller\EstadisticasController::indexAction", "_route": "Estadisticas") [] []
[2012-08-24 18:33:13] security.DEBUG: Read SecurityContext from the session [] []
[2012-08-24 18:33:13] security.DEBUG: Reloading user from user provider. [] []
[2012-08-24 18:33:13] security.DEBUG: Username "lucila" was reloaded from user provider. [] []
[2012-08-24 18:33:13] security.DEBUG: Access is denied (and user is neither anonymous, nor remember-me) by "/var/www/SquidTrazas/vendor/symfony/symfony/src/Symfony/Component/Security/Http/Firewall/AccessListener.php" at line 70 [] []
[2012-08-24 18:33:13] request.ERROR: Symfony\Component\HttpKernel\Exception\AccessDeniedHttpException: Access Denied (uncaught exception) at /var/www/SquidTrazas/vendor/symfony/symfony/src/Symfony/Component/Security/Http/Firewall/ExceptionListener.php line 100 [] []
[2012-08-24 18:33:13] security.DEBUG: Write SecurityContext in the session [] []
[2012-08-24 18:33:23] request.ERROR: Symfony\Component\HttpKernel\Exception\NotFoundHttpException: No route found for "GET /t/" (uncaught exception) at /var/www/SquidTrazas/app/cache/prod/classes.php line 5158 [] []
[2012-08-24 18:33:28] request.INFO: Matched route "Estadisticas" (parameters: "_controller": "BNJM\SquidTrazasBundle\Controller\EstadisticasController::indexAction", "_route": "Estadisticas") [] []
[2012-08-24 18:33:28] security.DEBUG: Read SecurityContext from the session [] []
[2012-08-24 18:33:28] security.DEBUG: Reloading user from user provider. [] []
[2012-08-24 18:33:28] security.DEBUG: Username "lucila" was reloaded from user provider. [] []
[2012-08-24 18:33:28] security.DEBUG: Access is denied (and user is neither anonymous, nor remember-me) by "/var/www/SquidTrazas/vendor/symfony/symfony/src/Symfony/Component/Security/Http/Firewall/AccessListener.php" at line 70 [] []
[2012-08-24 18:33:28] request.ERROR: Symfony\Component\HttpKernel\Exception\AccessDeniedHttpException: Access Denied (uncaught exception) at /var/www/SquidTrazas/vendor/symfony/symfony/src/Symfony/Component/Security/Http/Firewall/ExceptionListener.php line 100 [] []
[2012-08-24 18:33:28] security.DEBUG: Write SecurityContext in the session [] []
[2012-08-24 18:38:53] request.INFO: Matched route "Estadisticas" (parameters: "_controller": "BNJM\SquidTrazasBundle\Controller\EstadisticasController::indexAction", "_route": "Estadisticas") [] []
[2012-08-24 18:38:53] security.INFO: Basic Authentication Authorization header found for user "lucila" [] []
[2012-08-24 18:38:53] security.DEBUG: Access is denied (and user is neither anonymous, nor remember-me) by "/var/www/SquidTrazas/vendor/symfony/symfony/src/Symfony/Component/Security/Http/Firewall/AccessListener.php" at line 70 [] []
[2012-08-24 18:38:53] request.ERROR: Symfony\Component\HttpKernel\Exception\AccessDeniedHttpException: Access Denied (uncaught exception) at /var/www/SquidTrazas/vendor/symfony/symfony/src/Symfony/Component/Security/Http/Firewall/ExceptionListener.php line 100 [] []
[2012-08-24 18:38:53] security.DEBUG: Write SecurityContext in the session [] []
[2012-08-24 18:38:57] request.INFO: Matched route "Estadisticas" (parameters: "_controller": "BNJM\SquidTrazasBundle\Controller\EstadisticasController::indexAction", "_route": "Estadisticas") [] []
[2012-08-24 18:38:57] security.DEBUG: Read SecurityContext from the session [] []
[2012-08-24 18:38:57] security.DEBUG: Reloading user from user provider. [] []
[2012-08-24 18:38:57] security.DEBUG: Username "lucila" was reloaded from user provider. [] []
[2012-08-24 18:38:57] security.DEBUG: Access is denied (and user is neither anonymous, nor remember-me) by "/var/www/SquidTrazas/vendor/symfony/symfony/src/Symfony/Component/Security/Http/Firewall/AccessListener.php" at line 70 [] []
[2012-08-24 18:38:57] request.ERROR: Symfony\Component\HttpKernel\Exception\AccessDeniedHttpException: Access Denied (uncaught exception) at /var/www/SquidTrazas/vendor/symfony/symfony/src/Symfony/Component/Security/Http/Firewall/ExceptionListener.php line 100 [] []
[2012-08-24 18:38:57] security.DEBUG: Write SecurityContext in the session [] []
[2012-08-24 18:38:58] request.INFO: Matched route "Estadisticas" (parameters: "_controller": "BNJM\SquidTrazasBundle\Controller\EstadisticasController::indexAction", "_route": "Estadisticas") [] []
[2012-08-24 18:38:58] security.DEBUG: Read SecurityContext from the session [] []
[2012-08-24 18:38:58] security.DEBUG: Reloading user from user provider. [] []
[2012-08-24 18:38:58] security.DEBUG: Username "lucila" was reloaded from user provider. [] []
[2012-08-24 18:38:58] security.DEBUG: Access is denied (and user is neither anonymous, nor remember-me) by "/var/www/SquidTrazas/vendor/symfony/symfony/src/Symfony/Component/Security/Http/Firewall/AccessListener.php" at line 70 [] []
[2012-08-24 18:38:58] request.ERROR: Symfony\Component\HttpKernel\Exception\AccessDeniedHttpException: Access Denied (uncaught exception) at /var/www/SquidTrazas/vendor/symfony/symfony/src/Symfony/Component/Security/Http/Firewall/ExceptionListener.php line 100 [] []
[2012-08-24 18:38:58] security.DEBUG: Write SecurityContext in the session [] []
[2012-08-24 18:38:58] request.INFO: Matched route "Estadisticas" (parameters: "_controller": "BNJM\SquidTrazasBundle\Controller\EstadisticasController::indexAction", "_route": "Estadisticas") [] []
[2012-08-24 18:38:58] security.DEBUG: Read SecurityContext from the session [] []
[2012-08-24 18:38:58] security.DEBUG: Reloading user from user provider. [] []
[2012-08-24 18:38:58] security.DEBUG: Username "lucila" was reloaded from user provider. [] []
[2012-08-24 18:38:58] security.DEBUG: Access is denied (and user is neither anonymous, nor remember-me) by "/var/www/SquidTrazas/vendor/symfony/symfony/src/Symfony/Component/Security/Http/Firewall/AccessListener.php" at line 70 [] []
[2012-08-24 18:38:58] request.ERROR: Symfony\Component\HttpKernel\Exception\AccessDeniedHttpException: Access Denied (uncaught exception) at /var/www/SquidTrazas/vendor/symfony/symfony/src/Symfony/Component/Security/Http/Firewall/ExceptionListener.php line 100 [] []
[2012-08-24 18:38:58] security.DEBUG: Write SecurityContext in the session [] []
[2012-08-24 18:38:58] request.INFO: Matched route "Estadisticas" (parameters: "_controller": "BNJM\SquidTrazasBundle\Controller\EstadisticasController::indexAction", "_route": "Estadisticas") [] []
[2012-08-24 18:38:58] security.DEBUG: Read SecurityContext from the session [] []
[2012-08-24 18:38:58] security.DEBUG: Reloading user from user provider. [] []
[2012-08-24 18:38:58] security.DEBUG: Username "lucila" was reloaded from user provider. [] []
[2012-08-24 18:38:58] security.DEBUG: Access is denied (and user is neither anonymous, nor remember-me) by "/var/www/SquidTrazas/vendor/symfony/symfony/src/Symfony/Component/Security/Http/Firewall/AccessListener.php" at line 70 [] []
[2012-08-24 18:38:58] request.ERROR: Symfony\Component\HttpKernel\Exception\AccessDeniedHttpException: Access Denied (uncaught exception) at /var/www/SquidTrazas/vendor/symfony/symfony/src/Symfony/Component/Security/Http/Firewall/ExceptionListener.php line 100 [] []
[2012-08-24 18:38:58] security.DEBUG: Write SecurityContext in the session [] []
[2012-08-24 18:38:59] request.INFO: Matched route "Estadisticas" (parameters: "_controller": "BNJM\SquidTrazasBundle\Controller\EstadisticasController::indexAction", "_route": "Estadisticas") [] []
[2012-08-24 18:38:59] security.DEBUG: Read SecurityContext from the session [] []
[2012-08-24 18:38:59] security.DEBUG: Reloading user from user provider. [] []
[2012-08-24 18:38:59] security.DEBUG: Username "lucila" was reloaded from user provider. [] []
[2012-08-24 18:38:59] security.DEBUG: Access is denied (and user is neither anonymous, nor remember-me) by "/var/www/SquidTrazas/vendor/symfony/symfony/src/Symfony/Component/Security/Http/Firewall/AccessListener.php" at line 70 [] []
[2012-08-24 18:38:59] request.ERROR: Symfony\Component\HttpKernel\Exception\AccessDeniedHttpException: Access Denied (uncaught exception) at /var/www/SquidTrazas/vendor/symfony/symfony/src/Symfony/Component/Security/Http/Firewall/ExceptionListener.php line 100 [] []
[2012-08-24 18:38:59] security.DEBUG: Write SecurityContext in the session [] []
[2012-08-24 18:38:59] request.INFO: Matched route "Estadisticas" (parameters: "_controller": "BNJM\SquidTrazasBundle\Controller\EstadisticasController::indexAction", "_route": "Estadisticas") [] []
[2012-08-24 18:38:59] security.DEBUG: Read SecurityContext from the session [] []
[2012-08-24 18:38:59] security.DEBUG: Reloading user from user provider. [] []
[2012-08-24 18:38:59] security.DEBUG: Username "lucila" was reloaded from user provider. [] []
[2012-08-24 18:38:59] security.DEBUG: Access is denied (and user is neither anonymous, nor remember-me) by "/var/www/SquidTrazas/vendor/symfony/symfony/src/Symfony/Component/Security/Http/Firewall/AccessListener.php" at line 70 [] []
[2012-08-24 18:38:59] request.ERROR: Symfony\Component\HttpKernel\Exception\AccessDeniedHttpException: Access Denied (uncaught exception) at /var/www/SquidTrazas/vendor/symfony/symfony/src/Symfony/Component/Security/Http/Firewall/ExceptionListener.php line 100 [] []
[2012-08-24 18:38:59] security.DEBUG: Write SecurityContext in the session [] []
[2012-08-24 18:38:59] request.INFO: Matched route "Estadisticas" (parameters: "_controller": "BNJM\SquidTrazasBundle\Controller\EstadisticasController::indexAction", "_route": "Estadisticas") [] []
[2012-08-24 18:38:59] security.DEBUG: Read SecurityContext from the session [] []
[2012-08-24 18:38:59] security.DEBUG: Reloading user from user provider. [] []
[2012-08-24 18:38:59] security.DEBUG: Username "lucila" was reloaded from user provider. [] []
[2012-08-24 18:38:59] security.DEBUG: Access is denied (and user is neither anonymous, nor remember-me) by "/var/www/SquidTrazas/vendor/symfony/symfony/src/Symfony/Component/Security/Http/Firewall/AccessListener.php" at line 70 [] []
[2012-08-24 18:38:59] request.ERROR: Symfony\Component\HttpKernel\Exception\AccessDeniedHttpException: Access Denied (uncaught exception) at /var/www/SquidTrazas/vendor/symfony/symfony/src/Symfony/Component/Security/Http/Firewall/ExceptionListener.php line 100 [] []
[2012-08-24 18:38:59] security.DEBUG: Write SecurityContext in the session [] []
[2012-08-24 18:38:59] request.INFO: Matched route "Estadisticas" (parameters: "_controller": "BNJM\SquidTrazasBundle\Controller\EstadisticasController::indexAction", "_route": "Estadisticas") [] []
[2012-08-24 18:38:59] security.DEBUG: Read SecurityContext from the session [] []
[2012-08-24 18:38:59] security.DEBUG: Reloading user from user provider. [] []
[2012-08-24 18:38:59] security.DEBUG: Username "lucila" was reloaded from user provider. [] []
[2012-08-24 18:38:59] security.DEBUG: Access is denied (and user is neither anonymous, nor remember-me) by "/var/www/SquidTrazas/vendor/symfony/symfony/src/Symfony/Component/Security/Http/Firewall/AccessListener.php" at line 70 [] []
[2012-08-24 18:38:59] request.ERROR: Symfony\Component\HttpKernel\Exception\AccessDeniedHttpException: Access Denied (uncaught exception) at /var/www/SquidTrazas/vendor/symfony/symfony/src/Symfony/Component/Security/Http/Firewall/ExceptionListener.php line 100 [] []
[2012-08-24 18:38:59] security.DEBUG: Write SecurityContext in the session [] []
[2012-08-24 18:39:00] request.INFO: Matched route "Estadisticas" (parameters: "_controller": "BNJM\SquidTrazasBundle\Controller\EstadisticasController::indexAction", "_route": "Estadisticas") [] []
[2012-08-24 18:39:00] security.DEBUG: Read SecurityContext from the session [] []
[2012-08-24 18:39:00] security.DEBUG: Reloading user from user provider. [] []
[2012-08-24 18:39:00] security.DEBUG: Username "lucila" was reloaded from user provider. [] []
[2012-08-24 18:39:00] security.DEBUG: Access is denied (and user is neither anonymous, nor remember-me) by "/var/www/SquidTrazas/vendor/symfony/symfony/src/Symfony/Component/Security/Http/Firewall/AccessListener.php" at line 70 [] []
[2012-08-24 18:39:00] request.ERROR: Symfony\Component\HttpKernel\Exception\AccessDeniedHttpException: Access Denied (uncaught exception) at /var/www/SquidTrazas/vendor/symfony/symfony/src/Symfony/Component/Security/Http/Firewall/ExceptionListener.php line 100 [] []
[2012-08-24 18:39:00] security.DEBUG: Write SecurityContext in the session [] []
[2012-08-24 18:39:00] request.INFO: Matched route "Estadisticas" (parameters: "_controller": "BNJM\SquidTrazasBundle\Controller\EstadisticasController::indexAction", "_route": "Estadisticas") [] []
[2012-08-24 18:39:00] security.DEBUG: Read SecurityContext from the session [] []
[2012-08-24 18:39:00] security.DEBUG: Reloading user from user provider. [] []
[2012-08-24 18:39:00] security.DEBUG: Username "lucila" was reloaded from user provider. [] []
[2012-08-24 18:39:00] security.DEBUG: Access is denied (and user is neither anonymous, nor remember-me) by "/var/www/SquidTrazas/vendor/symfony/symfony/src/Symfony/Component/Security/Http/Firewall/AccessListener.php" at line 70 [] []
[2012-08-24 18:39:00] request.ERROR: Symfony\Component\HttpKernel\Exception\AccessDeniedHttpException: Access Denied (uncaught exception) at /var/www/SquidTrazas/vendor/symfony/symfony/src/Symfony/Component/Security/Http/Firewall/ExceptionListener.php line 100 [] []
[2012-08-24 18:39:00] security.DEBUG: Write SecurityContext in the session [] []
[2012-08-24 18:49:18] request.INFO: Matched route "TrazasListado" (parameters: "page": "1", "_controller": "BNJM\SquidTrazasBundle\Controller\DefaultController::indexAction", "_route": "TrazasListado") [] []
[2012-08-24 18:49:18] security.DEBUG: Read SecurityContext from the session [] []
[2012-08-24 18:49:18] security.DEBUG: Reloading user from user provider. [] []
[2012-08-24 18:49:18] security.DEBUG: Username "lucila" was reloaded from user provider. [] []
[2012-08-24 18:49:18] security.DEBUG: Access is denied (and user is neither anonymous, nor remember-me) by "/var/www/SquidTrazas/vendor/symfony/symfony/src/Symfony/Component/Security/Http/Firewall/AccessListener.php" at line 70 [] []
[2012-08-24 18:49:18] request.ERROR: Symfony\Component\HttpKernel\Exception\AccessDeniedHttpException: Access Denied (uncaught exception) at /var/www/SquidTrazas/vendor/symfony/symfony/src/Symfony/Component/Security/Http/Firewall/ExceptionListener.php line 100 [] []
[2012-08-24 18:49:18] security.DEBUG: Write SecurityContext in the session [] []
[2012-08-24 18:55:28] request.INFO: Matched route "TrazasListado" (parameters: "page": "1", "_controller": "BNJM\SquidTrazasBundle\Controller\DefaultController::indexAction", "_route": "TrazasListado") [] []
[2012-08-24 18:55:28] security.DEBUG: Read SecurityContext from the session [] []
[2012-08-24 18:55:28] security.DEBUG: Reloading user from user provider. [] []
[2012-08-24 18:55:28] security.DEBUG: Username "lucila" was reloaded from user provider. [] []
[2012-08-24 18:55:28] security.DEBUG: Access is denied (and user is neither anonymous, nor remember-me) by "/var/www/SquidTrazas/vendor/symfony/symfony/src/Symfony/Component/Security/Http/Firewall/AccessListener.php" at line 70 [] []
[2012-08-24 18:55:28] request.ERROR: Symfony\Component\HttpKernel\Exception\AccessDeniedHttpException: Access Denied (uncaught exception) at /var/www/SquidTrazas/vendor/symfony/symfony/src/Symfony/Component/Security/Http/Firewall/ExceptionListener.php line 100 [] []
[2012-08-24 18:55:28] security.DEBUG: Write SecurityContext in the session [] []
[2012-08-24 18:55:31] request.INFO: Matched route "TrazasListado" (parameters: "page": "1", "_controller": "BNJM\SquidTrazasBundle\Controller\DefaultController::indexAction", "_route": "TrazasListado") [] []
[2012-08-24 18:55:31] security.DEBUG: Read SecurityContext from the session [] []
[2012-08-24 18:55:31] security.DEBUG: Reloading user from user provider. [] []
[2012-08-24 18:55:31] security.DEBUG: Username "lucila" was reloaded from user provider. [] []
[2012-08-24 18:55:31] security.DEBUG: Access is denied (and user is neither anonymous, nor remember-me) by "/var/www/SquidTrazas/vendor/symfony/symfony/src/Symfony/Component/Security/Http/Firewall/AccessListener.php" at line 70 [] []
[2012-08-24 18:55:31] request.ERROR: Symfony\Component\HttpKernel\Exception\AccessDeniedHttpException: Access Denied (uncaught exception) at /var/www/SquidTrazas/vendor/symfony/symfony/src/Symfony/Component/Security/Http/Firewall/ExceptionListener.php line 100 [] []
[2012-08-24 18:55:31] security.DEBUG: Write SecurityContext in the session [] []
[2012-08-24 19:28:36] request.INFO: Matched route "TrazasListado" (parameters: "page": "1", "_controller": "BNJM\SquidTrazasBundle\Controller\DefaultController::indexAction", "_route": "TrazasListado") [] []
[2012-08-24 19:28:36] security.DEBUG: Read SecurityContext from the session [] []
[2012-08-24 19:28:36] security.DEBUG: Reloading user from user provider. [] []
[2012-08-24 19:28:36] security.DEBUG: Username "lucila" was reloaded from user provider. [] []
[2012-08-24 19:28:36] security.DEBUG: Access is denied (and user is neither anonymous, nor remember-me) by "/var/www/SquidTrazas/vendor/symfony/symfony/src/Symfony/Component/Security/Http/Firewall/AccessListener.php" at line 70 [] []
[2012-08-24 19:28:36] request.ERROR: Symfony\Component\HttpKernel\Exception\AccessDeniedHttpException: Access Denied (uncaught exception) at /var/www/SquidTrazas/vendor/symfony/symfony/src/Symfony/Component/Security/Http/Firewall/ExceptionListener.php line 100 [] []
[2012-08-24 19:28:36] security.DEBUG: Write SecurityContext in the session [] []
[2012-08-24 19:29:15] request.ERROR: Symfony\Component\HttpKernel\Exception\NotFoundHttpException: No route found for "GET /e/top/urls/" (uncaught exception) at /var/www/SquidTrazas/app/cache/prod/classes.php line 5158 [] []
[2012-08-27 14:44:46] request.ERROR: Symfony\Component\HttpKernel\Exception\NotFoundHttpException: No route found for "GET /i" (uncaught exception) at /var/www/SquidTrazas/app/cache/prod/classes.php line 5158 [] []
[2012-08-27 14:44:48] request.ERROR: Symfony\Component\HttpKernel\Exception\NotFoundHttpException: No route found for "GET /i" (uncaught exception) at /var/www/SquidTrazas/app/cache/prod/classes.php line 5158 [] []
[2012-10-01 17:24:20] request.ERROR: Symfony\Component\HttpKernel\Exception\NotFoundHttpException: No route found for "GET /e/top/urls/" (uncaught exception) at /var/www/Herramientas/SquidTrazas/app/cache/prod/classes.php line 5158 [] []
[2012-10-01 17:24:25] request.ERROR: Symfony\Component\HttpKernel\Exception\NotFoundHttpException: No route found for "GET /e/top/urls/" (uncaught exception) at /var/www/Herramientas/SquidTrazas/app/cache/prod/classes.php line 5158 [] []
[2012-10-01 17:24:37] request.ERROR: Symfony\Component\HttpKernel\Exception\NotFoundHttpException: No route found for "GET /e/top/urls/" (uncaught exception) at /var/www/Herramientas/SquidTrazas/app/cache/prod/classes.php line 5158 [] []
[2012-10-01 17:24:43] request.ERROR: Symfony\Component\HttpKernel\Exception\NotFoundHttpException: No route found for "GET /e/top/urls/" (uncaught exception) at /var/www/Herramientas/SquidTrazas/app/cache/prod/classes.php line 5158 [] []
[2012-10-01 19:54:49] request.ERROR: Symfony\Component\HttpKernel\Exception\NotFoundHttpException: No route found for "GET /e/top/urls/" (uncaught exception) at /var/www/Herramientas/SquidTrazas/app/cache/prod/classes.php line 5158 [] []
[2012-10-01 20:01:50] request.ERROR: Symfony\Component\HttpKernel\Exception\NotFoundHttpException: No route found for "GET /e/top/urls/" (uncaught exception) at /var/www/Herramientas/SquidTrazas/app/cache/prod/classes.php line 5158 [] []
[2012-10-01 20:32:45] request.ERROR: Symfony\Component\HttpKernel\Exception\NotFoundHttpException: No route found for "GET /e/top/urls/" (uncaught exception) at /var/www/Herramientas/SquidTrazas/app/cache/prod/classes.php line 5158 [] []
[2012-10-12 20:37:30] request.INFO: Matched route "TrazasListado" (parameters: "page": "1", "_controller": "BNJM\SquidTrazasBundle\Controller\DefaultController::indexAction", "_route": "TrazasListado") [] []
[2012-10-12 20:38:15] security.DEBUG: Read SecurityContext from the session [] []
[2012-10-12 20:38:15] security.DEBUG: Reloading user from user provider. [] []
[2012-10-12 20:38:15] security.DEBUG: Username "eddy" was reloaded from user provider. [] []
[2012-10-12 20:38:15] security.DEBUG: Access is denied (and user is neither anonymous, nor remember-me) by "/var/www/Herramientas/SquidTrazas/vendor/symfony/symfony/src/Symfony/Component/Security/Http/Firewall/AccessListener.php" at line 70 [] []
[2012-10-12 20:38:15] request.ERROR: Symfony\Component\HttpKernel\Exception\AccessDeniedHttpException: Access Denied (uncaught exception) at /var/www/Herramientas/SquidTrazas/vendor/symfony/symfony/src/Symfony/Component/Security/Http/Firewall/ExceptionListener.php line 100 [] []
[2012-10-12 20:38:15] security.DEBUG: Write SecurityContext in the session [] []
[2012-10-12 20:37:56] request.INFO: Matched route "TrazasListado" (parameters: "page": "1", "_controller": "BNJM\SquidTrazasBundle\Controller\DefaultController::indexAction", "_route": "TrazasListado") [] []
[2012-10-12 20:39:20] security.DEBUG: Read SecurityContext from the session [] []
[2012-10-12 20:39:20] security.DEBUG: Reloading user from user provider. [] []
[2012-10-12 20:39:20] security.DEBUG: Username "eddy" was reloaded from user provider. [] []
[2012-10-12 20:39:20] security.DEBUG: Access is denied (and user is neither anonymous, nor remember-me) by "/var/www/Herramientas/SquidTrazas/vendor/symfony/symfony/src/Symfony/Component/Security/Http/Firewall/AccessListener.php" at line 70 [] []
[2012-10-12 20:39:20] request.ERROR: Symfony\Component\HttpKernel\Exception\AccessDeniedHttpException: Access Denied (uncaught exception) at /var/www/Herramientas/SquidTrazas/vendor/symfony/symfony/src/Symfony/Component/Security/Http/Firewall/ExceptionListener.php line 100 [] []
[2012-10-12 20:39:20] security.DEBUG: Write SecurityContext in the session [] []
[2012-10-12 20:39:43] request.INFO: Matched route "TrazasListado" (parameters: "page": "1", "_controller": "BNJM\SquidTrazasBundle\Controller\DefaultController::indexAction", "_route": "TrazasListado") [] []
[2012-10-12 20:39:43] security.DEBUG: Read SecurityContext from the session [] []
[2012-10-12 20:39:43] security.DEBUG: Reloading user from user provider. [] []
[2012-10-12 20:39:43] security.DEBUG: Username "eddy" was reloaded from user provider. [] []
[2012-10-12 20:39:43] security.DEBUG: Access is denied (and user is neither anonymous, nor remember-me) by "/var/www/Herramientas/SquidTrazas/vendor/symfony/symfony/src/Symfony/Component/Security/Http/Firewall/AccessListener.php" at line 70 [] []
[2012-10-12 20:39:43] request.ERROR: Symfony\Component\HttpKernel\Exception\AccessDeniedHttpException: Access Denied (uncaught exception) at /var/www/Herramientas/SquidTrazas/vendor/symfony/symfony/src/Symfony/Component/Security/Http/Firewall/ExceptionListener.php line 100 [] []
[2012-10-12 20:39:43] security.DEBUG: Write SecurityContext in the session [] []
[2012-10-13 15:30:07] request.ERROR: Symfony\Component\HttpKernel\Exception\NotFoundHttpException: No route found for "GET /e/top/urls/" (uncaught exception) at /var/www/Herramientas/SquidTrazas/app/cache/prod/classes.php line 5158 [] []
